<?xml version="1.0" encoding="UTF-8"?>
<testsuites name="TS_FindTreatmentProvider_StandalonSearch" time="13" tests="1" failures="0" errors="0">
   <testsuite name="TS_FindTreatmentProvider_StandalonSearch" tests="1" failures="0" errors="0" time="13" timestamp="2018-06-03 21:06:06" hostname="Administrator - 10.211.55.3" id="Test Suites/TS_FindTreatmentProvider_StandalonSearch">
      <properties>
         <property name="deviceName" value=""/>
         <property name="devicePlatform" value=""/>
         <property name="logFolder" value="C:\\Users\\Administrator\\Katalon Studio\\insupportFatpTool\\Reports\\TS_FindTreatmentProvider_StandalonSearch\\20180603_210604"/>
         <property name="logFiles" value="C:\\Users\\Administrator\\Katalon Studio\\insupportFatpTool\\Reports\\TS_FindTreatmentProvider_StandalonSearch\\20180603_210604\\execution0.log"/>
         <property name="attachments" value=""/>
         <property name="hostName" value="Administrator - 10.211.55.3"/>
         <property name="os" value="Windows 7 64bit"/>
         <property name="katalonVersion" value="5.4.2.1"/>
         <property name="browser" value="Chrome 66.0.3359.181"/>
         <property name="hostAddress" value="10.211.55.3"/>
         <property name="sessionId" value="ccd04bd362d80c84eb9d0dcf74f17365"/>
         <property name="seleniumVersion" value="3.7.1"/>
         <property name="proxyInformation" value="ProxyInformation{proxyOption=NO_PROXY, proxyServerType=HTTP, password=, proxyServerAddress=, proxyServerPort=0}"/>
         <property name="platform" value="Windows 7"/>
      </properties>
      <testcase name="Test Cases/javascriptTest" classname="Test Cases/javascriptTest" status="PASSED">
         <system-out><![CDATA[2018-06-03 21:06:06 - [TEST_CASE][PASSED] - Test Cases/javascriptTest: Test Cases/javascriptTest

2018-06-03 21:06:07 - [TEST_STEP][PASSED] - openBrowser: Browser is opened with url: 'https://www.w3schools.com/'

2018-06-03 21:06:16 - [MESSAGE][PASSED] - Browser is opened with url: 'https://www.w3schools.com/'

2018-06-03 21:06:16 - [TEST_STEP][PASSED] - Statement - driver = com.kms.katalon.core.webui.driver.DriverFactory.getWebDriver(): null

2018-06-03 21:06:17 - [TEST_STEP][PASSED] - Statement - js = driver: null

2018-06-03 21:06:17 - [TEST_STEP][PASSED] - Statement - domain = js.executeScript("return document.domain"): null

2018-06-03 21:06:17 - [TEST_STEP][PASSED] - Statement - out.println(domain): null]]></system-out>
         <system-err><![CDATA[]]></system-err>
      </testcase>
      <system-out><![CDATA[2018-06-03 21:06:06 - [TEST_SUITE][PASSED] - TS_FindTreatmentProvider_StandalonSearch: Test Cases/javascriptTest]]></system-out>
      <system-err><![CDATA[]]></system-err>
   </testsuite>
</testsuites>
