<?xml version="1.0" encoding="UTF-8"?>
<testsuites name="TS_FindTreatmentProvider_StandalonSearch" time="10" tests="1" failures="0" errors="0">
   <testsuite name="TS_FindTreatmentProvider_StandalonSearch" tests="1" failures="0" errors="0" time="10" timestamp="2018-06-03 16:16:13" hostname="Administrator - 10.211.55.3" id="Test Suites/TS_FindTreatmentProvider_StandalonSearch">
      <properties>
         <property name="deviceName" value=""/>
         <property name="devicePlatform" value=""/>
         <property name="logFolder" value="C:\\Users\\Administrator\\Katalon Studio\\insupportFatpTool\\Reports\\TS_FindTreatmentProvider_StandalonSearch\\20180603_161611"/>
         <property name="logFiles" value="C:\\Users\\Administrator\\Katalon Studio\\insupportFatpTool\\Reports\\TS_FindTreatmentProvider_StandalonSearch\\20180603_161611\\execution0.log"/>
         <property name="attachments" value=""/>
         <property name="hostName" value="Administrator - 10.211.55.3"/>
         <property name="os" value="Windows 7 64bit"/>
         <property name="katalonVersion" value="5.4.2.1"/>
         <property name="browser" value="Chrome 66.0.3359.181"/>
         <property name="hostAddress" value="10.211.55.3"/>
         <property name="sessionId" value="559c81b4b5bbb2c865076721334e4e96"/>
         <property name="seleniumVersion" value="3.7.1"/>
         <property name="proxyInformation" value="ProxyInformation{proxyOption=NO_PROXY, proxyServerType=HTTP, password=, proxyServerAddress=, proxyServerPort=0}"/>
         <property name="platform" value="Windows 7"/>
      </properties>
      <testcase name="Test Cases/sublocadePatient" classname="Test Cases/sublocadePatient" status="PASSED">
         <system-out><![CDATA[2018-06-03 16:16:13 - [TEST_CASE][PASSED] - Test Cases/sublocadePatient: Test Cases/sublocadePatient

2018-06-03 16:16:14 - [TEST_STEP][PASSED] - openBrowser: Browser is opened with url: ''

2018-06-03 16:16:14 - [MESSAGE][PASSED] - Browser is opened with url: ''

2018-06-03 16:16:14 - [TEST_STEP][PASSED] - navigateToUrl: Navigate to 'https://indivior-sublocade-coc7-dev-main-indivior.kinetiq.network/' successfully

2018-06-03 16:16:17 - [MESSAGE][PASSED] - Navigate to 'https://indivior-sublocade-coc7-dev-main-indivior.kinetiq.network/' successfully

2018-06-03 16:16:17 - [TEST_STEP][PASSED] - click: Object: 'Object Repository/test_03/Page_Home/HP_FatpSearch/TopSection/btn_findProvider' is clicked on

2018-06-03 16:16:18 - [MESSAGE][PASSED] - Object: 'Object Repository/test_03/Page_Home/HP_FatpSearch/TopSection/btn_findProvider' is clicked on

2018-06-03 16:16:18 - [TEST_STEP][PASSED] - waitForElementVisible: Object 'Object Repository/test_03/Page_Home/HP_FatpSearch/TopSection/input_ZipCode' is visible

2018-06-03 16:16:18 - [MESSAGE][PASSED] - Object 'Object Repository/test_03/Page_Home/HP_FatpSearch/TopSection/input_ZipCode' is visible

2018-06-03 16:16:18 - [TEST_STEP][PASSED] - setText: Text '23456' is set on object 'Object Repository/test_03/Page_Home/HP_FatpSearch/TopSection/input_ZipCode'

2018-06-03 16:16:18 - [MESSAGE][PASSED] - Text '23456' is set on object 'Object Repository/test_03/Page_Home/HP_FatpSearch/TopSection/input_ZipCode'

2018-06-03 16:16:18 - [TEST_STEP][PASSED] - click: Object: 'Object Repository/test_03/Page_Home/HP_FatpSearch/TopSection/a_searchProvider' is clicked on

2018-06-03 16:16:18 - [MESSAGE][PASSED] - Object: 'Object Repository/test_03/Page_Home/HP_FatpSearch/TopSection/a_searchProvider' is clicked on

2018-06-03 16:16:18 - [TEST_STEP][PASSED] - executeJavaScript: Execute JavaScript 'document.querySelector(".modal.modal-disclaimer .modal-body").scrollBy(0, 500)' successfully

2018-06-03 16:16:19 - [MESSAGE][PASSED] - Execute JavaScript 'document.querySelector(".modal.modal-disclaimer .modal-body").scrollBy(0, 500)' successfully

2018-06-03 16:16:19 - [TEST_STEP][PASSED] - click: Object: 'Object Repository/test_03/Page_ModalDisclaimer/a_btnAcceptDisclaimer' is clicked on

2018-06-03 16:16:23 - [MESSAGE][PASSED] - Object: 'Object Repository/test_03/Page_ModalDisclaimer/a_btnAcceptDisclaimer' is clicked on

2018-06-03 16:16:23 - [TEST_STEP][PASSED] - waitForPageLoad: Wait for page load successfully

2018-06-03 16:16:23 - [MESSAGE][PASSED] - Wait for page load successfully

2018-06-03 16:16:23 - [TEST_STEP][PASSED] - Statement - assert com.kms.katalon.core.webui.keyword.WebUiBuiltInKeywords.getWindowTitle() == "FPO - treatment-journey": Current window's title is: 'FPO - treatment-journey'

2018-06-03 16:16:24 - [MESSAGE][PASSED] - Current window's title is: 'FPO - treatment-journey'

2018-06-03 16:16:24 - [TEST_STEP][PASSED] - Statement - out.println("holaaaaa"): null]]></system-out>
         <system-err><![CDATA[]]></system-err>
      </testcase>
      <system-out><![CDATA[2018-06-03 16:16:13 - [TEST_SUITE][PASSED] - TS_FindTreatmentProvider_StandalonSearch: Test Cases/sublocadePatient]]></system-out>
      <system-err><![CDATA[]]></system-err>
   </testsuite>
</testsuites>
